<?xml version="1.0" encoding="UTF-8"?>
<!-- Generated by org.testng.reporters.JUnitReportReporter -->
<testsuite hostname="DESKTOP-6O8T6P5" failures="0" tests="1" name="testCases.MyAccount" time="11.165" errors="0" timestamp="8 Oct 2022 09:23:26 GMT">
  <testcase classname="testCases.MyAccount" name="clear" time="11.165"/>
</testsuite> <!-- testCases.MyAccount -->
