<?xml version="1.0" encoding="UTF-8"?>
<testsuite xmlns:xsi="http://www.w3.org/2001/XMLSchema-instance" xsi:noNamespaceSchemaLocation="https://maven.apache.org/surefire/maven-surefire-plugin/xsd/surefire-test-report.xsd" name="TestSuite" time="382.156" tests="18" errors="0" skipped="0" failures="2">
  <properties>
    <property name="sun.desktop" value="windows"/>
    <property name="awt.toolkit" value="sun.awt.windows.WToolkit"/>
    <property name="file.encoding.pkg" value="sun.io"/>
    <property name="java.specification.version" value="1.8"/>
    <property name="sun.cpu.isalist" value="amd64"/>
    <property name="sun.jnu.encoding" value="Cp1252"/>
    <property name="java.class.path" value="E:\automationNewProject\autoamtionproject\target\test-classes;E:\automationNewProject\autoamtionproject\target\classes;C:\Users\BMT\.m2\repository\org\apache\logging\log4j\log4j-api\2.4\log4j-api-2.4.jar;C:\Users\BMT\.m2\repository\org\apache\logging\log4j\log4j-core\2.4\log4j-core-2.4.jar;C:\Users\BMT\.m2\repository\commons-io\commons-io\2.6\commons-io-2.6.jar;C:\Users\BMT\.m2\repository\com\googlecode\json-simple\json-simple\1.1.1\json-simple-1.1.1.jar;C:\Users\BMT\.m2\repository\junit\junit\4.10\junit-4.10.jar;C:\Users\BMT\.m2\repository\org\seleniumhq\selenium\selenium-java\3.13.0\selenium-java-3.13.0.jar;C:\Users\BMT\.m2\repository\org\seleniumhq\selenium\selenium-api\3.13.0\selenium-api-3.13.0.jar;C:\Users\BMT\.m2\repository\org\seleniumhq\selenium\selenium-chrome-driver\3.13.0\selenium-chrome-driver-3.13.0.jar;C:\Users\BMT\.m2\repository\org\seleniumhq\selenium\selenium-edge-driver\3.13.0\selenium-edge-driver-3.13.0.jar;C:\Users\BMT\.m2\repository\org\seleniumhq\selenium\selenium-firefox-driver\3.13.0\selenium-firefox-driver-3.13.0.jar;C:\Users\BMT\.m2\repository\org\seleniumhq\selenium\selenium-ie-driver\3.13.0\selenium-ie-driver-3.13.0.jar;C:\Users\BMT\.m2\repository\org\seleniumhq\selenium\selenium-opera-driver\3.13.0\selenium-opera-driver-3.13.0.jar;C:\Users\BMT\.m2\repository\org\seleniumhq\selenium\selenium-remote-driver\3.13.0\selenium-remote-driver-3.13.0.jar;C:\Users\BMT\.m2\repository\org\seleniumhq\selenium\selenium-safari-driver\3.13.0\selenium-safari-driver-3.13.0.jar;C:\Users\BMT\.m2\repository\org\seleniumhq\selenium\selenium-support\3.13.0\selenium-support-3.13.0.jar;C:\Users\BMT\.m2\repository\net\bytebuddy\byte-buddy\1.8.3\byte-buddy-1.8.3.jar;C:\Users\BMT\.m2\repository\org\apache\commons\commons-exec\1.3\commons-exec-1.3.jar;C:\Users\BMT\.m2\repository\commons-codec\commons-codec\1.10\commons-codec-1.10.jar;C:\Users\BMT\.m2\repository\commons-logging\commons-logging\1.2\commons-logging-1.2.jar;C:\Users\BMT\.m2\repository\com\google\code\gson\gson\2.8.4\gson-2.8.4.jar;C:\Users\BMT\.m2\repository\com\google\guava\guava\25.0-jre\guava-25.0-jre.jar;C:\Users\BMT\.m2\repository\com\google\code\findbugs\jsr305\1.3.9\jsr305-1.3.9.jar;C:\Users\BMT\.m2\repository\org\checkerframework\checker-compat-qual\2.0.0\checker-compat-qual-2.0.0.jar;C:\Users\BMT\.m2\repository\com\google\errorprone\error_prone_annotations\2.1.3\error_prone_annotations-2.1.3.jar;C:\Users\BMT\.m2\repository\com\google\j2objc\j2objc-annotations\1.1\j2objc-annotations-1.1.jar;C:\Users\BMT\.m2\repository\org\codehaus\mojo\animal-sniffer-annotations\1.14\animal-sniffer-annotations-1.14.jar;C:\Users\BMT\.m2\repository\org\apache\httpcomponents\httpclient\4.5.5\httpclient-4.5.5.jar;C:\Users\BMT\.m2\repository\org\apache\httpcomponents\httpcore\4.4.9\httpcore-4.4.9.jar;C:\Users\BMT\.m2\repository\com\squareup\okhttp3\okhttp\3.10.0\okhttp-3.10.0.jar;C:\Users\BMT\.m2\repository\com\squareup\okio\okio\1.14.1\okio-1.14.1.jar;C:\Users\BMT\.m2\repository\org\apache\poi\poi\3.9\poi-3.9.jar;C:\Users\BMT\.m2\repository\org\testng\testng\6.8.8\testng-6.8.8.jar;C:\Users\BMT\.m2\repository\org\beanshell\bsh\2.0b4\bsh-2.0b4.jar;C:\Users\BMT\.m2\repository\com\beust\jcommander\1.27\jcommander-1.27.jar;C:\Users\BMT\.m2\repository\com\aventstack\extentreports\3.1.5\extentreports-3.1.5.jar;C:\Users\BMT\.m2\repository\org\freemarker\freemarker\2.3.23\freemarker-2.3.23.jar;C:\Users\BMT\.m2\repository\org\mongodb\mongodb-driver\3.3.0\mongodb-driver-3.3.0.jar;C:\Users\BMT\.m2\repository\org\mongodb\bson\3.3.0\bson-3.3.0.jar;C:\Users\BMT\.m2\repository\org\mongodb\mongodb-driver-core\3.3.0\mongodb-driver-core-3.3.0.jar;C:\Users\BMT\.m2\repository\org\apache\httpcomponents\httpmime\4.5.2\httpmime-4.5.2.jar;C:\Users\BMT\.m2\repository\org\jsoup\jsoup\1.9.2\jsoup-1.9.2.jar;C:\Users\BMT\.m2\repository\com\relevantcodes\extentreports\2.41.2\extentreports-2.41.2.jar;C:\Users\BMT\.m2\repository\org\xerial\sqlite-jdbc\3.8.11.1\sqlite-jdbc-3.8.11.1.jar;C:\Users\BMT\.m2\repository\io\github\bonigarcia\webdrivermanager\5.3.0\webdrivermanager-5.3.0.jar;C:\Users\BMT\.m2\repository\org\slf4j\slf4j-api\1.7.36\slf4j-api-1.7.36.jar;C:\Users\BMT\.m2\repository\com\github\docker-java\docker-java\3.2.13\docker-java-3.2.13.jar;C:\Users\BMT\.m2\repository\com\github\docker-java\docker-java-core\3.2.13\docker-java-core-3.2.13.jar;C:\Users\BMT\.m2\repository\com\github\docker-java\docker-java-api\3.2.13\docker-java-api-3.2.13.jar;C:\Users\BMT\.m2\repository\com\fasterxml\jackson\core\jackson-annotations\2.10.3\jackson-annotations-2.10.3.jar;C:\Users\BMT\.m2\repository\org\apache\commons\commons-compress\1.21\commons-compress-1.21.jar;C:\Users\BMT\.m2\repository\com\fasterxml\jackson\core\jackson-databind\2.10.3\jackson-databind-2.10.3.jar;C:\Users\BMT\.m2\repository\com\fasterxml\jackson\core\jackson-core\2.10.3\jackson-core-2.10.3.jar;C:\Users\BMT\.m2\repository\org\bouncycastle\bcpkix-jdk15on\1.64\bcpkix-jdk15on-1.64.jar;C:\Users\BMT\.m2\repository\org\bouncycastle\bcprov-jdk15on\1.64\bcprov-jdk15on-1.64.jar;C:\Users\BMT\.m2\repository\org\slf4j\jcl-over-slf4j\1.7.30\jcl-over-slf4j-1.7.30.jar;C:\Users\BMT\.m2\repository\com\github\docker-java\docker-java-transport-httpclient5\3.2.13\docker-java-transport-httpclient5-3.2.13.jar;C:\Users\BMT\.m2\repository\com\github\docker-java\docker-java-transport\3.2.13\docker-java-transport-3.2.13.jar;C:\Users\BMT\.m2\repository\net\java\dev\jna\jna\5.8.0\jna-5.8.0.jar;C:\Users\BMT\.m2\repository\org\brotli\dec\0.1.2\dec-0.1.2.jar;C:\Users\BMT\.m2\repository\org\apache\commons\commons-lang3\3.12.0\commons-lang3-3.12.0.jar;C:\Users\BMT\.m2\repository\org\apache\httpcomponents\client5\httpclient5\5.1.3\httpclient5-5.1.3.jar;C:\Users\BMT\.m2\repository\org\apache\httpcomponents\core5\httpcore5\5.1.3\httpcore5-5.1.3.jar;C:\Users\BMT\.m2\repository\org\apache\httpcomponents\core5\httpcore5-h2\5.1.3\httpcore5-h2-5.1.3.jar;C:\Users\BMT\.m2\repository\io\appium\java-client\6.1.0\java-client-6.1.0.jar;C:\Users\BMT\.m2\repository\cglib\cglib\3.2.6\cglib-3.2.6.jar;C:\Users\BMT\.m2\repository\org\ow2\asm\asm\6.0\asm-6.0.jar;C:\Users\BMT\.m2\repository\org\apache\ant\ant\1.9.6\ant-1.9.6.jar;C:\Users\BMT\.m2\repository\org\apache\ant\ant-launcher\1.9.6\ant-launcher-1.9.6.jar;C:\Users\BMT\.m2\repository\commons-validator\commons-validator\1.6\commons-validator-1.6.jar;C:\Users\BMT\.m2\repository\commons-beanutils\commons-beanutils\1.9.2\commons-beanutils-1.9.2.jar;C:\Users\BMT\.m2\repository\commons-digester\commons-digester\1.8.1\commons-digester-1.8.1.jar;C:\Users\BMT\.m2\repository\org\springframework\spring-context\5.0.5.RELEASE\spring-context-5.0.5.RELEASE.jar;C:\Users\BMT\.m2\repository\org\aspectj\aspectjweaver\1.9.1\aspectjweaver-1.9.1.jar;C:\Users\BMT\.m2\repository\org\openpnp\opencv\3.2.0-1\opencv-3.2.0-1.jar;C:\Users\BMT\.m2\repository\org\apache\poi\poi-ooxml\3.8-beta4\poi-ooxml-3.8-beta4.jar;C:\Users\BMT\.m2\repository\org\apache\poi\poi-ooxml-schemas\3.8-beta4\poi-ooxml-schemas-3.8-beta4.jar;C:\Users\BMT\.m2\repository\dom4j\dom4j\1.6.1\dom4j-1.6.1.jar;C:\Users\BMT\.m2\repository\xml-apis\xml-apis\1.0.b2\xml-apis-1.0.b2.jar;C:\Users\BMT\.m2\repository\org\apache\cxf\cxf-bundle\2.7.3\cxf-bundle-2.7.3.jar;C:\Users\BMT\.m2\repository\org\apache\velocity\velocity\1.7\velocity-1.7.jar;C:\Users\BMT\.m2\repository\commons-collections\commons-collections\3.2.1\commons-collections-3.2.1.jar;C:\Users\BMT\.m2\repository\wsdl4j\wsdl4j\1.6.2\wsdl4j-1.6.2.jar;C:\Users\BMT\.m2\repository\com\sun\xml\bind\jaxb-xjc\2.1.13\jaxb-xjc-2.1.13.jar;C:\Users\BMT\.m2\repository\com\sun\xml\bind\jaxb-impl\2.1.13\jaxb-impl-2.1.13.jar;C:\Users\BMT\.m2\repository\org\apache\ws\xmlschema\xmlschema-core\2.0.3\xmlschema-core-2.0.3.jar;C:\Users\BMT\.m2\repository\antlr\antlr\2.7.7\antlr-2.7.7.jar;C:\Users\BMT\.m2\repository\org\codehaus\woodstox\woodstox-core-asl\4.1.4\woodstox-core-asl-4.1.4.jar;C:\Users\BMT\.m2\repository\org\codehaus\woodstox\stax2-api\3.1.1\stax2-api-3.1.1.jar;C:\Users\BMT\.m2\repository\org\apache\xmlbeans\xmlbeans\2.6.0\xmlbeans-2.6.0.jar;C:\Users\BMT\.m2\repository\xml-resolver\xml-resolver\1.2\xml-resolver-1.2.jar;C:\Users\BMT\.m2\repository\org\apache\geronimo\specs\geronimo-jaxws_2.2_spec\1.1\geronimo-jaxws_2.2_spec-1.1.jar;C:\Users\BMT\.m2\repository\org\apache\geronimo\specs\geronimo-javamail_1.4_spec\1.7.1\geronimo-javamail_1.4_spec-1.7.1.jar;C:\Users\BMT\.m2\repository\org\eclipse\jetty\jetty-server\8.1.7.v20120910\jetty-server-8.1.7.v20120910.jar;C:\Users\BMT\.m2\repository\org\eclipse\jetty\jetty-continuation\8.1.7.v20120910\jetty-continuation-8.1.7.v20120910.jar;C:\Users\BMT\.m2\repository\org\eclipse\jetty\jetty-http\8.1.7.v20120910\jetty-http-8.1.7.v20120910.jar;C:\Users\BMT\.m2\repository\org\eclipse\jetty\jetty-io\8.1.7.v20120910\jetty-io-8.1.7.v20120910.jar;C:\Users\BMT\.m2\repository\org\eclipse\jetty\jetty-util\8.1.7.v20120910\jetty-util-8.1.7.v20120910.jar;C:\Users\BMT\.m2\repository\org\eclipse\jetty\jetty-security\8.1.7.v20120910\jetty-security-8.1.7.v20120910.jar;C:\Users\BMT\.m2\repository\org\apache\geronimo\specs\geronimo-servlet_3.0_spec\1.0\geronimo-servlet_3.0_spec-1.0.jar;C:\Users\BMT\.m2\repository\org\apache\geronimo\specs\geronimo-jms_1.1_spec\1.1.1\geronimo-jms_1.1_spec-1.1.1.jar;C:\Users\BMT\.m2\repository\org\springframework\spring-jms\3.0.7.RELEASE\spring-jms-3.0.7.RELEASE.jar;C:\Users\BMT\.m2\repository\aopalliance\aopalliance\1.0\aopalliance-1.0.jar;C:\Users\BMT\.m2\repository\org\springframework\spring-aop\3.0.7.RELEASE\spring-aop-3.0.7.RELEASE.jar;C:\Users\BMT\.m2\repository\org\springframework\spring-beans\3.0.7.RELEASE\spring-beans-3.0.7.RELEASE.jar;C:\Users\BMT\.m2\repository\org\springframework\spring-core\3.0.7.RELEASE\spring-core-3.0.7.RELEASE.jar;C:\Users\BMT\.m2\repository\org\springframework\spring-expression\3.0.7.RELEASE\spring-expression-3.0.7.RELEASE.jar;C:\Users\BMT\.m2\repository\org\springframework\spring-asm\3.0.7.RELEASE\spring-asm-3.0.7.RELEASE.jar;C:\Users\BMT\.m2\repository\org\springframework\spring-tx\3.0.7.RELEASE\spring-tx-3.0.7.RELEASE.jar;C:\Users\BMT\.m2\repository\commons-lang\commons-lang\2.6\commons-lang-2.6.jar;C:\Users\BMT\.m2\repository\org\apache\httpcomponents\httpcore-nio\4.2.2\httpcore-nio-4.2.2.jar;C:\Users\BMT\.m2\repository\org\apache\httpcomponents\httpasyncclient\4.0-beta3\httpasyncclient-4.0-beta3.jar;C:\Users\BMT\.m2\repository\org\apache\mina\mina-core\2.0.5\mina-core-2.0.5.jar;C:\Users\BMT\.m2\repository\asm\asm\3.3.1\asm-3.3.1.jar;C:\Users\BMT\.m2\repository\rhino\js\1.7R2\js-1.7R2.jar;C:\Users\BMT\.m2\repository\javax\ws\rs\javax.ws.rs-api\2.0-m10\javax.ws.rs-api-2.0-m10.jar;C:\Users\BMT\.m2\repository\net\oauth\core\oauth-provider\20100527\oauth-provider-20100527.jar;C:\Users\BMT\.m2\repository\net\oauth\core\oauth\20100527\oauth-20100527.jar;C:\Users\BMT\.m2\repository\net\sf\ehcache\ehcache-core\2.5.1\ehcache-core-2.5.1.jar;C:\Users\BMT\.m2\repository\org\apache\ws\security\wss4j\1.6.9\wss4j-1.6.9.jar;C:\Users\BMT\.m2\repository\org\apache\santuario\xmlsec\1.5.3\xmlsec-1.5.3.jar;C:\Users\BMT\.m2\repository\org\opensaml\opensaml\2.5.1-1\opensaml-2.5.1-1.jar;C:\Users\BMT\.m2\repository\org\opensaml\openws\1.4.2-1\openws-1.4.2-1.jar;C:\Users\BMT\.m2\repository\org\opensaml\xmltooling\1.3.2-1\xmltooling-1.3.2-1.jar;C:\Users\BMT\.m2\repository\joda-time\joda-time\1.6.2\joda-time-1.6.2.jar;C:\Users\BMT\.m2\repository\org\apache\neethi\neethi\3.0.2\neethi-3.0.2.jar;C:\Users\BMT\.m2\repository\io\rest-assured\rest-assured\3.0.0\rest-assured-3.0.0.jar;C:\Users\BMT\.m2\repository\org\codehaus\groovy\groovy\2.4.6\groovy-2.4.6.jar;C:\Users\BMT\.m2\repository\org\codehaus\groovy\groovy-xml\2.4.6\groovy-xml-2.4.6.jar;C:\Users\BMT\.m2\repository\org\hamcrest\hamcrest-core\1.3\hamcrest-core-1.3.jar;C:\Users\BMT\.m2\repository\org\hamcrest\hamcrest-library\1.3\hamcrest-library-1.3.jar;C:\Users\BMT\.m2\repository\org\ccil\cowan\tagsoup\tagsoup\1.2.1\tagsoup-1.2.1.jar;C:\Users\BMT\.m2\repository\io\rest-assured\json-path\3.1.1\json-path-3.1.1.jar;C:\Users\BMT\.m2\repository\org\codehaus\groovy\groovy-json\2.4.12\groovy-json-2.4.12.jar;C:\Users\BMT\.m2\repository\io\rest-assured\rest-assured-common\3.1.1\rest-assured-common-3.1.1.jar;C:\Users\BMT\.m2\repository\io\rest-assured\xml-path\3.1.1\xml-path-3.1.1.jar;C:\Users\BMT\.m2\repository\javax\xml\bind\jaxb-api\2.2.12\jaxb-api-2.2.12.jar;C:\Users\BMT\.m2\repository\io\rest-assured\json-schema-validator\3.1.1\json-schema-validator-3.1.1.jar;C:\Users\BMT\.m2\repository\com\github\fge\json-schema-validator\2.2.6\json-schema-validator-2.2.6.jar;C:\Users\BMT\.m2\repository\com\googlecode\libphonenumber\libphonenumber\6.2\libphonenumber-6.2.jar;C:\Users\BMT\.m2\repository\com\github\fge\json-schema-core\1.2.5\json-schema-core-1.2.5.jar;C:\Users\BMT\.m2\repository\com\github\fge\uri-template\0.9\uri-template-0.9.jar;C:\Users\BMT\.m2\repository\com\github\fge\msg-simple\1.1\msg-simple-1.1.jar;C:\Users\BMT\.m2\repository\com\github\fge\btf\1.2\btf-1.2.jar;C:\Users\BMT\.m2\repository\com\github\fge\jackson-coreutils\1.8\jackson-coreutils-1.8.jar;C:\Users\BMT\.m2\repository\org\mozilla\rhino\1.7R4\rhino-1.7R4.jar;C:\Users\BMT\.m2\repository\javax\mail\mailapi\1.4.3\mailapi-1.4.3.jar;C:\Users\BMT\.m2\repository\javax\activation\activation\1.1\activation-1.1.jar;C:\Users\BMT\.m2\repository\net\sf\jopt-simple\jopt-simple\4.6\jopt-simple-4.6.jar;C:\Users\BMT\.m2\repository\io\rest-assured\spring-mock-mvc\3.1.1\spring-mock-mvc-3.1.1.jar;C:\Users\BMT\.m2\repository\org\springframework\spring-test\4.2.6.RELEASE\spring-test-4.2.6.RELEASE.jar;C:\Users\BMT\.m2\repository\org\springframework\spring-webmvc\4.2.6.RELEASE\spring-webmvc-4.2.6.RELEASE.jar;C:\Users\BMT\.m2\repository\org\springframework\spring-web\4.2.6.RELEASE\spring-web-4.2.6.RELEASE.jar;C:\Users\BMT\.m2\repository\io\rest-assured\scala-support\3.1.1\scala-support-3.1.1.jar;C:\Users\BMT\.m2\repository\org\scala-lang\scala-library\2.11.12\scala-library-2.11.12.jar;C:\Users\BMT\.m2\repository\org\apache\maven\surefire\surefire-testng-utils\2.22.0\surefire-testng-utils-2.22.0.jar;C:\Users\BMT\.m2\repository\org\apache\maven\surefire\surefire-grouper\2.22.0\surefire-grouper-2.22.0.jar;"/>
    <property name="java.vm.vendor" value="Oracle Corporation"/>
    <property name="sun.arch.data.model" value="64"/>
    <property name="user.variant" value=""/>
    <property name="java.vendor.url" value="http://java.oracle.com/"/>
    <property name="user.timezone" value="Africa/Cairo"/>
    <property name="java.vm.specification.version" value="1.8"/>
    <property name="os.name" value="Windows 10"/>
    <property name="user.country" value="US"/>
    <property name="sun.java.launcher" value="SUN_STANDARD"/>
    <property name="sun.boot.library.path" value="C:\Program Files\Java\jdk1.8.0_341\jre\bin"/>
    <property name="sun.java.command" value="C:\Users\BMT\AppData\Local\Temp\surefire7334621070740128043\surefirebooter8108425529841266321.jar C:\Users\BMT\AppData\Local\Temp\surefire7334621070740128043 2022-09-06T11-21-16_043-jvmRun1 surefire90839535166093040tmp surefire_03203654863878673788tmp"/>
    <property name="surefire.test.class.path" value="E:\automationNewProject\autoamtionproject\target\test-classes;E:\automationNewProject\autoamtionproject\target\classes;C:\Users\BMT\.m2\repository\org\apache\logging\log4j\log4j-api\2.4\log4j-api-2.4.jar;C:\Users\BMT\.m2\repository\org\apache\logging\log4j\log4j-core\2.4\log4j-core-2.4.jar;C:\Users\BMT\.m2\repository\commons-io\commons-io\2.6\commons-io-2.6.jar;C:\Users\BMT\.m2\repository\com\googlecode\json-simple\json-simple\1.1.1\json-simple-1.1.1.jar;C:\Users\BMT\.m2\repository\junit\junit\4.10\junit-4.10.jar;C:\Users\BMT\.m2\repository\org\seleniumhq\selenium\selenium-java\3.13.0\selenium-java-3.13.0.jar;C:\Users\BMT\.m2\repository\org\seleniumhq\selenium\selenium-api\3.13.0\selenium-api-3.13.0.jar;C:\Users\BMT\.m2\repository\org\seleniumhq\selenium\selenium-chrome-driver\3.13.0\selenium-chrome-driver-3.13.0.jar;C:\Users\BMT\.m2\repository\org\seleniumhq\selenium\selenium-edge-driver\3.13.0\selenium-edge-driver-3.13.0.jar;C:\Users\BMT\.m2\repository\org\seleniumhq\selenium\selenium-firefox-driver\3.13.0\selenium-firefox-driver-3.13.0.jar;C:\Users\BMT\.m2\repository\org\seleniumhq\selenium\selenium-ie-driver\3.13.0\selenium-ie-driver-3.13.0.jar;C:\Users\BMT\.m2\repository\org\seleniumhq\selenium\selenium-opera-driver\3.13.0\selenium-opera-driver-3.13.0.jar;C:\Users\BMT\.m2\repository\org\seleniumhq\selenium\selenium-remote-driver\3.13.0\selenium-remote-driver-3.13.0.jar;C:\Users\BMT\.m2\repository\org\seleniumhq\selenium\selenium-safari-driver\3.13.0\selenium-safari-driver-3.13.0.jar;C:\Users\BMT\.m2\repository\org\seleniumhq\selenium\selenium-support\3.13.0\selenium-support-3.13.0.jar;C:\Users\BMT\.m2\repository\net\bytebuddy\byte-buddy\1.8.3\byte-buddy-1.8.3.jar;C:\Users\BMT\.m2\repository\org\apache\commons\commons-exec\1.3\commons-exec-1.3.jar;C:\Users\BMT\.m2\repository\commons-codec\commons-codec\1.10\commons-codec-1.10.jar;C:\Users\BMT\.m2\repository\commons-logging\commons-logging\1.2\commons-logging-1.2.jar;C:\Users\BMT\.m2\repository\com\google\code\gson\gson\2.8.4\gson-2.8.4.jar;C:\Users\BMT\.m2\repository\com\google\guava\guava\25.0-jre\guava-25.0-jre.jar;C:\Users\BMT\.m2\repository\com\google\code\findbugs\jsr305\1.3.9\jsr305-1.3.9.jar;C:\Users\BMT\.m2\repository\org\checkerframework\checker-compat-qual\2.0.0\checker-compat-qual-2.0.0.jar;C:\Users\BMT\.m2\repository\com\google\errorprone\error_prone_annotations\2.1.3\error_prone_annotations-2.1.3.jar;C:\Users\BMT\.m2\repository\com\google\j2objc\j2objc-annotations\1.1\j2objc-annotations-1.1.jar;C:\Users\BMT\.m2\repository\org\codehaus\mojo\animal-sniffer-annotations\1.14\animal-sniffer-annotations-1.14.jar;C:\Users\BMT\.m2\repository\org\apache\httpcomponents\httpclient\4.5.5\httpclient-4.5.5.jar;C:\Users\BMT\.m2\repository\org\apache\httpcomponents\httpcore\4.4.9\httpcore-4.4.9.jar;C:\Users\BMT\.m2\repository\com\squareup\okhttp3\okhttp\3.10.0\okhttp-3.10.0.jar;C:\Users\BMT\.m2\repository\com\squareup\okio\okio\1.14.1\okio-1.14.1.jar;C:\Users\BMT\.m2\repository\org\apache\poi\poi\3.9\poi-3.9.jar;C:\Users\BMT\.m2\repository\org\testng\testng\6.8.8\testng-6.8.8.jar;C:\Users\BMT\.m2\repository\org\beanshell\bsh\2.0b4\bsh-2.0b4.jar;C:\Users\BMT\.m2\repository\com\beust\jcommander\1.27\jcommander-1.27.jar;C:\Users\BMT\.m2\repository\com\aventstack\extentreports\3.1.5\extentreports-3.1.5.jar;C:\Users\BMT\.m2\repository\org\freemarker\freemarker\2.3.23\freemarker-2.3.23.jar;C:\Users\BMT\.m2\repository\org\mongodb\mongodb-driver\3.3.0\mongodb-driver-3.3.0.jar;C:\Users\BMT\.m2\repository\org\mongodb\bson\3.3.0\bson-3.3.0.jar;C:\Users\BMT\.m2\repository\org\mongodb\mongodb-driver-core\3.3.0\mongodb-driver-core-3.3.0.jar;C:\Users\BMT\.m2\repository\org\apache\httpcomponents\httpmime\4.5.2\httpmime-4.5.2.jar;C:\Users\BMT\.m2\repository\org\jsoup\jsoup\1.9.2\jsoup-1.9.2.jar;C:\Users\BMT\.m2\repository\com\relevantcodes\extentreports\2.41.2\extentreports-2.41.2.jar;C:\Users\BMT\.m2\repository\org\xerial\sqlite-jdbc\3.8.11.1\sqlite-jdbc-3.8.11.1.jar;C:\Users\BMT\.m2\repository\io\github\bonigarcia\webdrivermanager\5.3.0\webdrivermanager-5.3.0.jar;C:\Users\BMT\.m2\repository\org\slf4j\slf4j-api\1.7.36\slf4j-api-1.7.36.jar;C:\Users\BMT\.m2\repository\com\github\docker-java\docker-java\3.2.13\docker-java-3.2.13.jar;C:\Users\BMT\.m2\repository\com\github\docker-java\docker-java-core\3.2.13\docker-java-core-3.2.13.jar;C:\Users\BMT\.m2\repository\com\github\docker-java\docker-java-api\3.2.13\docker-java-api-3.2.13.jar;C:\Users\BMT\.m2\repository\com\fasterxml\jackson\core\jackson-annotations\2.10.3\jackson-annotations-2.10.3.jar;C:\Users\BMT\.m2\repository\org\apache\commons\commons-compress\1.21\commons-compress-1.21.jar;C:\Users\BMT\.m2\repository\com\fasterxml\jackson\core\jackson-databind\2.10.3\jackson-databind-2.10.3.jar;C:\Users\BMT\.m2\repository\com\fasterxml\jackson\core\jackson-core\2.10.3\jackson-core-2.10.3.jar;C:\Users\BMT\.m2\repository\org\bouncycastle\bcpkix-jdk15on\1.64\bcpkix-jdk15on-1.64.jar;C:\Users\BMT\.m2\repository\org\bouncycastle\bcprov-jdk15on\1.64\bcprov-jdk15on-1.64.jar;C:\Users\BMT\.m2\repository\org\slf4j\jcl-over-slf4j\1.7.30\jcl-over-slf4j-1.7.30.jar;C:\Users\BMT\.m2\repository\com\github\docker-java\docker-java-transport-httpclient5\3.2.13\docker-java-transport-httpclient5-3.2.13.jar;C:\Users\BMT\.m2\repository\com\github\docker-java\docker-java-transport\3.2.13\docker-java-transport-3.2.13.jar;C:\Users\BMT\.m2\repository\net\java\dev\jna\jna\5.8.0\jna-5.8.0.jar;C:\Users\BMT\.m2\repository\org\brotli\dec\0.1.2\dec-0.1.2.jar;C:\Users\BMT\.m2\repository\org\apache\commons\commons-lang3\3.12.0\commons-lang3-3.12.0.jar;C:\Users\BMT\.m2\repository\org\apache\httpcomponents\client5\httpclient5\5.1.3\httpclient5-5.1.3.jar;C:\Users\BMT\.m2\repository\org\apache\httpcomponents\core5\httpcore5\5.1.3\httpcore5-5.1.3.jar;C:\Users\BMT\.m2\repository\org\apache\httpcomponents\core5\httpcore5-h2\5.1.3\httpcore5-h2-5.1.3.jar;C:\Users\BMT\.m2\repository\io\appium\java-client\6.1.0\java-client-6.1.0.jar;C:\Users\BMT\.m2\repository\cglib\cglib\3.2.6\cglib-3.2.6.jar;C:\Users\BMT\.m2\repository\org\ow2\asm\asm\6.0\asm-6.0.jar;C:\Users\BMT\.m2\repository\org\apache\ant\ant\1.9.6\ant-1.9.6.jar;C:\Users\BMT\.m2\repository\org\apache\ant\ant-launcher\1.9.6\ant-launcher-1.9.6.jar;C:\Users\BMT\.m2\repository\commons-validator\commons-validator\1.6\commons-validator-1.6.jar;C:\Users\BMT\.m2\repository\commons-beanutils\commons-beanutils\1.9.2\commons-beanutils-1.9.2.jar;C:\Users\BMT\.m2\repository\commons-digester\commons-digester\1.8.1\commons-digester-1.8.1.jar;C:\Users\BMT\.m2\repository\org\springframework\spring-context\5.0.5.RELEASE\spring-context-5.0.5.RELEASE.jar;C:\Users\BMT\.m2\repository\org\aspectj\aspectjweaver\1.9.1\aspectjweaver-1.9.1.jar;C:\Users\BMT\.m2\repository\org\openpnp\opencv\3.2.0-1\opencv-3.2.0-1.jar;C:\Users\BMT\.m2\repository\org\apache\poi\poi-ooxml\3.8-beta4\poi-ooxml-3.8-beta4.jar;C:\Users\BMT\.m2\repository\org\apache\poi\poi-ooxml-schemas\3.8-beta4\poi-ooxml-schemas-3.8-beta4.jar;C:\Users\BMT\.m2\repository\dom4j\dom4j\1.6.1\dom4j-1.6.1.jar;C:\Users\BMT\.m2\repository\xml-apis\xml-apis\1.0.b2\xml-apis-1.0.b2.jar;C:\Users\BMT\.m2\repository\org\apache\cxf\cxf-bundle\2.7.3\cxf-bundle-2.7.3.jar;C:\Users\BMT\.m2\repository\org\apache\velocity\velocity\1.7\velocity-1.7.jar;C:\Users\BMT\.m2\repository\commons-collections\commons-collections\3.2.1\commons-collections-3.2.1.jar;C:\Users\BMT\.m2\repository\wsdl4j\wsdl4j\1.6.2\wsdl4j-1.6.2.jar;C:\Users\BMT\.m2\repository\com\sun\xml\bind\jaxb-xjc\2.1.13\jaxb-xjc-2.1.13.jar;C:\Users\BMT\.m2\repository\com\sun\xml\bind\jaxb-impl\2.1.13\jaxb-impl-2.1.13.jar;C:\Users\BMT\.m2\repository\org\apache\ws\xmlschema\xmlschema-core\2.0.3\xmlschema-core-2.0.3.jar;C:\Users\BMT\.m2\repository\antlr\antlr\2.7.7\antlr-2.7.7.jar;C:\Users\BMT\.m2\repository\org\codehaus\woodstox\woodstox-core-asl\4.1.4\woodstox-core-asl-4.1.4.jar;C:\Users\BMT\.m2\repository\org\codehaus\woodstox\stax2-api\3.1.1\stax2-api-3.1.1.jar;C:\Users\BMT\.m2\repository\org\apache\xmlbeans\xmlbeans\2.6.0\xmlbeans-2.6.0.jar;C:\Users\BMT\.m2\repository\xml-resolver\xml-resolver\1.2\xml-resolver-1.2.jar;C:\Users\BMT\.m2\repository\org\apache\geronimo\specs\geronimo-jaxws_2.2_spec\1.1\geronimo-jaxws_2.2_spec-1.1.jar;C:\Users\BMT\.m2\repository\org\apache\geronimo\specs\geronimo-javamail_1.4_spec\1.7.1\geronimo-javamail_1.4_spec-1.7.1.jar;C:\Users\BMT\.m2\repository\org\eclipse\jetty\jetty-server\8.1.7.v20120910\jetty-server-8.1.7.v20120910.jar;C:\Users\BMT\.m2\repository\org\eclipse\jetty\jetty-continuation\8.1.7.v20120910\jetty-continuation-8.1.7.v20120910.jar;C:\Users\BMT\.m2\repository\org\eclipse\jetty\jetty-http\8.1.7.v20120910\jetty-http-8.1.7.v20120910.jar;C:\Users\BMT\.m2\repository\org\eclipse\jetty\jetty-io\8.1.7.v20120910\jetty-io-8.1.7.v20120910.jar;C:\Users\BMT\.m2\repository\org\eclipse\jetty\jetty-util\8.1.7.v20120910\jetty-util-8.1.7.v20120910.jar;C:\Users\BMT\.m2\repository\org\eclipse\jetty\jetty-security\8.1.7.v20120910\jetty-security-8.1.7.v20120910.jar;C:\Users\BMT\.m2\repository\org\apache\geronimo\specs\geronimo-servlet_3.0_spec\1.0\geronimo-servlet_3.0_spec-1.0.jar;C:\Users\BMT\.m2\repository\org\apache\geronimo\specs\geronimo-jms_1.1_spec\1.1.1\geronimo-jms_1.1_spec-1.1.1.jar;C:\Users\BMT\.m2\repository\org\springframework\spring-jms\3.0.7.RELEASE\spring-jms-3.0.7.RELEASE.jar;C:\Users\BMT\.m2\repository\aopalliance\aopalliance\1.0\aopalliance-1.0.jar;C:\Users\BMT\.m2\repository\org\springframework\spring-aop\3.0.7.RELEASE\spring-aop-3.0.7.RELEASE.jar;C:\Users\BMT\.m2\repository\org\springframework\spring-beans\3.0.7.RELEASE\spring-beans-3.0.7.RELEASE.jar;C:\Users\BMT\.m2\repository\org\springframework\spring-core\3.0.7.RELEASE\spring-core-3.0.7.RELEASE.jar;C:\Users\BMT\.m2\repository\org\springframework\spring-expression\3.0.7.RELEASE\spring-expression-3.0.7.RELEASE.jar;C:\Users\BMT\.m2\repository\org\springframework\spring-asm\3.0.7.RELEASE\spring-asm-3.0.7.RELEASE.jar;C:\Users\BMT\.m2\repository\org\springframework\spring-tx\3.0.7.RELEASE\spring-tx-3.0.7.RELEASE.jar;C:\Users\BMT\.m2\repository\commons-lang\commons-lang\2.6\commons-lang-2.6.jar;C:\Users\BMT\.m2\repository\org\apache\httpcomponents\httpcore-nio\4.2.2\httpcore-nio-4.2.2.jar;C:\Users\BMT\.m2\repository\org\apache\httpcomponents\httpasyncclient\4.0-beta3\httpasyncclient-4.0-beta3.jar;C:\Users\BMT\.m2\repository\org\apache\mina\mina-core\2.0.5\mina-core-2.0.5.jar;C:\Users\BMT\.m2\repository\asm\asm\3.3.1\asm-3.3.1.jar;C:\Users\BMT\.m2\repository\rhino\js\1.7R2\js-1.7R2.jar;C:\Users\BMT\.m2\repository\javax\ws\rs\javax.ws.rs-api\2.0-m10\javax.ws.rs-api-2.0-m10.jar;C:\Users\BMT\.m2\repository\net\oauth\core\oauth-provider\20100527\oauth-provider-20100527.jar;C:\Users\BMT\.m2\repository\net\oauth\core\oauth\20100527\oauth-20100527.jar;C:\Users\BMT\.m2\repository\net\sf\ehcache\ehcache-core\2.5.1\ehcache-core-2.5.1.jar;C:\Users\BMT\.m2\repository\org\apache\ws\security\wss4j\1.6.9\wss4j-1.6.9.jar;C:\Users\BMT\.m2\repository\org\apache\santuario\xmlsec\1.5.3\xmlsec-1.5.3.jar;C:\Users\BMT\.m2\repository\org\opensaml\opensaml\2.5.1-1\opensaml-2.5.1-1.jar;C:\Users\BMT\.m2\repository\org\opensaml\openws\1.4.2-1\openws-1.4.2-1.jar;C:\Users\BMT\.m2\repository\org\opensaml\xmltooling\1.3.2-1\xmltooling-1.3.2-1.jar;C:\Users\BMT\.m2\repository\joda-time\joda-time\1.6.2\joda-time-1.6.2.jar;C:\Users\BMT\.m2\repository\org\apache\neethi\neethi\3.0.2\neethi-3.0.2.jar;C:\Users\BMT\.m2\repository\io\rest-assured\rest-assured\3.0.0\rest-assured-3.0.0.jar;C:\Users\BMT\.m2\repository\org\codehaus\groovy\groovy\2.4.6\groovy-2.4.6.jar;C:\Users\BMT\.m2\repository\org\codehaus\groovy\groovy-xml\2.4.6\groovy-xml-2.4.6.jar;C:\Users\BMT\.m2\repository\org\hamcrest\hamcrest-core\1.3\hamcrest-core-1.3.jar;C:\Users\BMT\.m2\repository\org\hamcrest\hamcrest-library\1.3\hamcrest-library-1.3.jar;C:\Users\BMT\.m2\repository\org\ccil\cowan\tagsoup\tagsoup\1.2.1\tagsoup-1.2.1.jar;C:\Users\BMT\.m2\repository\io\rest-assured\json-path\3.1.1\json-path-3.1.1.jar;C:\Users\BMT\.m2\repository\org\codehaus\groovy\groovy-json\2.4.12\groovy-json-2.4.12.jar;C:\Users\BMT\.m2\repository\io\rest-assured\rest-assured-common\3.1.1\rest-assured-common-3.1.1.jar;C:\Users\BMT\.m2\repository\io\rest-assured\xml-path\3.1.1\xml-path-3.1.1.jar;C:\Users\BMT\.m2\repository\javax\xml\bind\jaxb-api\2.2.12\jaxb-api-2.2.12.jar;C:\Users\BMT\.m2\repository\io\rest-assured\json-schema-validator\3.1.1\json-schema-validator-3.1.1.jar;C:\Users\BMT\.m2\repository\com\github\fge\json-schema-validator\2.2.6\json-schema-validator-2.2.6.jar;C:\Users\BMT\.m2\repository\com\googlecode\libphonenumber\libphonenumber\6.2\libphonenumber-6.2.jar;C:\Users\BMT\.m2\repository\com\github\fge\json-schema-core\1.2.5\json-schema-core-1.2.5.jar;C:\Users\BMT\.m2\repository\com\github\fge\uri-template\0.9\uri-template-0.9.jar;C:\Users\BMT\.m2\repository\com\github\fge\msg-simple\1.1\msg-simple-1.1.jar;C:\Users\BMT\.m2\repository\com\github\fge\btf\1.2\btf-1.2.jar;C:\Users\BMT\.m2\repository\com\github\fge\jackson-coreutils\1.8\jackson-coreutils-1.8.jar;C:\Users\BMT\.m2\repository\org\mozilla\rhino\1.7R4\rhino-1.7R4.jar;C:\Users\BMT\.m2\repository\javax\mail\mailapi\1.4.3\mailapi-1.4.3.jar;C:\Users\BMT\.m2\repository\javax\activation\activation\1.1\activation-1.1.jar;C:\Users\BMT\.m2\repository\net\sf\jopt-simple\jopt-simple\4.6\jopt-simple-4.6.jar;C:\Users\BMT\.m2\repository\io\rest-assured\spring-mock-mvc\3.1.1\spring-mock-mvc-3.1.1.jar;C:\Users\BMT\.m2\repository\org\springframework\spring-test\4.2.6.RELEASE\spring-test-4.2.6.RELEASE.jar;C:\Users\BMT\.m2\repository\org\springframework\spring-webmvc\4.2.6.RELEASE\spring-webmvc-4.2.6.RELEASE.jar;C:\Users\BMT\.m2\repository\org\springframework\spring-web\4.2.6.RELEASE\spring-web-4.2.6.RELEASE.jar;C:\Users\BMT\.m2\repository\io\rest-assured\scala-support\3.1.1\scala-support-3.1.1.jar;C:\Users\BMT\.m2\repository\org\scala-lang\scala-library\2.11.12\scala-library-2.11.12.jar;C:\Users\BMT\.m2\repository\org\apache\maven\surefire\surefire-testng-utils\2.22.0\surefire-testng-utils-2.22.0.jar;C:\Users\BMT\.m2\repository\org\apache\maven\surefire\surefire-grouper\2.22.0\surefire-grouper-2.22.0.jar;"/>
    <property name="sun.cpu.endian" value="little"/>
    <property name="user.home" value="C:\Users\BMT"/>
    <property name="user.language" value="en"/>
    <property name="java.specification.vendor" value="Oracle Corporation"/>
    <property name="java.home" value="C:\Program Files\Java\jdk1.8.0_341\jre"/>
    <property name="basedir" value="E:\automationNewProject\autoamtionproject"/>
    <property name="file.separator" value="\"/>
    <property name="line.separator" value="&#10;"/>
    <property name="java.vm.specification.vendor" value="Oracle Corporation"/>
    <property name="java.specification.name" value="Java Platform API Specification"/>
    <property name="java.awt.graphicsenv" value="sun.awt.Win32GraphicsEnvironment"/>
    <property name="surefire.real.class.path" value="C:\Users\BMT\AppData\Local\Temp\surefire7334621070740128043\surefirebooter8108425529841266321.jar"/>
    <property name="sun.boot.class.path" value="C:\Program Files\Java\jdk1.8.0_341\jre\lib\resources.jar;C:\Program Files\Java\jdk1.8.0_341\jre\lib\rt.jar;C:\Program Files\Java\jdk1.8.0_341\jre\lib\jsse.jar;C:\Program Files\Java\jdk1.8.0_341\jre\lib\jce.jar;C:\Program Files\Java\jdk1.8.0_341\jre\lib\charsets.jar;C:\Program Files\Java\jdk1.8.0_341\jre\lib\jfr.jar;C:\Program Files\Java\jdk1.8.0_341\jre\classes"/>
    <property name="user.script" value=""/>
    <property name="sun.management.compiler" value="HotSpot 64-Bit Tiered Compilers"/>
    <property name="java.runtime.version" value="1.8.0_341-b10"/>
    <property name="user.name" value="BMT"/>
    <property name="path.separator" value=";"/>
    <property name="os.version" value="10.0"/>
    <property name="java.endorsed.dirs" value="C:\Program Files\Java\jdk1.8.0_341\jre\lib\endorsed"/>
    <property name="java.runtime.name" value="Java(TM) SE Runtime Environment"/>
    <property name="file.encoding" value="Cp1252"/>
    <property name="java.vm.name" value="Java HotSpot(TM) 64-Bit Server VM"/>
    <property name="localRepository" value="C:\Users\BMT\.m2\repository"/>
    <property name="java.vendor.url.bug" value="http://bugreport.sun.com/bugreport/"/>
    <property name="java.io.tmpdir" value="C:\Users\BMT\AppData\Local\Temp\"/>
    <property name="java.version" value="1.8.0_341"/>
    <property name="user.dir" value="E:\automationNewProject\autoamtionproject"/>
    <property name="os.arch" value="amd64"/>
    <property name="java.vm.specification.name" value="Java Virtual Machine Specification"/>
    <property name="java.awt.printerjob" value="sun.awt.windows.WPrinterJob"/>
    <property name="sun.os.patch.level" value=""/>
    <property name="java.library.path" value="C:\Program Files\Java\jdk1.8.0_341\jre\bin;C:\Windows\Sun\Java\bin;C:\Windows\system32;C:\Windows;C:\Program Files (x86)\Common Files\Oracle\Java\javapath;C:\Windows\system32;C:\Windows;C:\Windows\System32\Wbem;C:\Windows\System32\WindowsPowerShell\v1.0\;C:\Windows\System32\OpenSSH\;C:\Program Files (x86)\ATI Technologies\ATI.ACE\Core-Static;C:\ProgramData\chocolatey\bin;C:\Program Files\nodejs\;E:\Software Testing\Jmeter\apache-jmeter-5.5\bin;E:\php;C:\Program Files\Java\jdk1.8.0_341;C:\maven\apache-maven-3.8.6\bin;C:\Users\BMT\AppData\Local\Microsoft\WindowsApps;C:\Users\BMT\AppData\Roaming\npm;C:\Users\BMT\AppData\Local\Programs\Microsoft VS Code\bin;C:\Program Files\TestProject Agent;."/>
    <property name="java.vm.info" value="mixed mode"/>
    <property name="java.vendor" value="Oracle Corporation"/>
    <property name="java.vm.version" value="25.341-b10"/>
    <property name="java.ext.dirs" value="C:\Program Files\Java\jdk1.8.0_341\jre\lib\ext;C:\Windows\Sun\Java\lib\ext"/>
    <property name="sun.io.unicode.encoding" value="UnicodeLittle"/>
    <property name="java.class.version" value="52.0"/>
  </properties>
  <testcase name="clickOnLogo" classname="testCases.register" time="6.224"/>
  <testcase name="checkTitle" classname="testCases.register" time="0.006"/>
  <testcase name="checkUrl" classname="testCases.register" time="0.008"/>
  <testcase name="check_Signin_Link" classname="testCases.register" time="2.856"/>
  <testcase name="check_I_already_have_account_Link" classname="testCases.register" time="3.488"/>
  <testcase name="check_terms_of_use_Link" classname="testCases.register" time="5.417"/>
  <testcase name="check_CustomerPrivacyPolicy_Link" classname="testCases.register" time="1.849"/>
  <testcase name="register_With_ValidData" classname="testCases.register" time="21.101">
    <failure message="Expected condition failed: waiting for url to be &quot;https://courses.ultimateqa.com/collections&quot;. Current url: &quot;https://courses.ultimateqa.com/users&quot; (tried for 20 second(s) with 500 milliseconds interval)&#10;Build info: version: &apos;3.13.0&apos;, revision: &apos;2f0d292&apos;, time: &apos;2018-06-25T15:24:21.231Z&apos;&#10;System info: host: &apos;DESKTOP-6O8T6P5&apos;, ip: &apos;192.168.1.2&apos;, os.name: &apos;Windows 10&apos;, os.arch: &apos;amd64&apos;, os.version: &apos;10.0&apos;, java.version: &apos;1.8.0_341&apos;&#10;Driver info: org.openqa.selenium.chrome.ChromeDriver&#10;Capabilities {acceptInsecureCerts: false, browserName: chrome, browserVersion: 104.0.5112.102, chrome: {chromedriverVersion: 104.0.5112.79 (3cf3e8c8a07d..., userDataDir: C:\Users\BMT\AppData\Local\...}, goog:chromeOptions: {debuggerAddress: localhost:56088}, javascriptEnabled: true, networkConnectionEnabled: false, pageLoadStrategy: normal, platform: WINDOWS, platformName: WINDOWS, proxy: Proxy(), setWindowRect: true, strictFileInteractability: false, timeouts: {implicit: 0, pageLoad: 300000, script: 30000}, unhandledPromptBehavior: dismiss and notify, webauthn:extension:credBlob: true, webauthn:extension:largeBlob: true, webauthn:virtualAuthenticators: true}&#10;Session ID: 8b49a4ddee366de795dccdec03a3ef07" type="org.openqa.selenium.TimeoutException">org.openqa.selenium.TimeoutException: 
Expected condition failed: waiting for url to be "https://courses.ultimateqa.com/collections". Current url: "https://courses.ultimateqa.com/users" (tried for 20 second(s) with 500 milliseconds interval)
Build info: version: '3.13.0', revision: '2f0d292', time: '2018-06-25T15:24:21.231Z'
System info: host: 'DESKTOP-6O8T6P5', ip: '192.168.1.2', os.name: 'Windows 10', os.arch: 'amd64', os.version: '10.0', java.version: '1.8.0_341'
Driver info: org.openqa.selenium.chrome.ChromeDriver
Capabilities {acceptInsecureCerts: false, browserName: chrome, browserVersion: 104.0.5112.102, chrome: {chromedriverVersion: 104.0.5112.79 (3cf3e8c8a07d..., userDataDir: C:\Users\BMT\AppData\Local\...}, goog:chromeOptions: {debuggerAddress: localhost:56088}, javascriptEnabled: true, networkConnectionEnabled: false, pageLoadStrategy: normal, platform: WINDOWS, platformName: WINDOWS, proxy: Proxy(), setWindowRect: true, strictFileInteractability: false, timeouts: {implicit: 0, pageLoad: 300000, script: 30000}, unhandledPromptBehavior: dismiss and notify, webauthn:extension:credBlob: true, webauthn:extension:largeBlob: true, webauthn:virtualAuthenticators: true}
Session ID: 8b49a4ddee366de795dccdec03a3ef07
	at testCases.register.register_With_ValidData(register.java:144)
</failure>
    <system-err><![CDATA[Starting ChromeDriver 104.0.5112.79 (3cf3e8c8a07d104b9e1260c910efb8f383285dc5-refs/branch-heads/5112@{#1307}) on port 24985
Only local connections are allowed.
Please see https://chromedriver.chromium.org/security-considerations for suggestions on keeping ChromeDriver safe.
ChromeDriver was started successfully.
Sep 06, 2022 11:23:27 AM org.openqa.selenium.remote.ProtocolHandshake createSession
INFO: Detected dialect: W3C
]]></system-err>
  </testcase>
  <testcase name="EmptyFirstName" classname="testCases.register" time="3.648"/>
  <testcase name="EmptyLastName" classname="testCases.register" time="2.887"/>
  <testcase name="EmptyEmail" classname="testCases.register" time="20.83">
    <failure message="Expected condition failed: waiting for presence of element located by: By.xpath: //*[@id=&quot;notice&quot;]/ul/li (tried for 20 second(s) with 500 milliseconds interval)" type="org.openqa.selenium.TimeoutException">org.openqa.selenium.TimeoutException: Expected condition failed: waiting for presence of element located by: By.xpath: //*[@id="notice"]/ul/li (tried for 20 second(s) with 500 milliseconds interval)
	at testCases.register.EmptyEmail(register.java:202)
Caused by: org.openqa.selenium.NoSuchElementException: 
Cannot locate an element using By.xpath: //*[@id="notice"]/ul/li
For documentation on this error, please visit: http://seleniumhq.org/exceptions/no_such_element.html
Build info: version: '3.13.0', revision: '2f0d292', time: '2018-06-25T15:24:21.231Z'
System info: host: 'DESKTOP-6O8T6P5', ip: '192.168.1.2', os.name: 'Windows 10', os.arch: 'amd64', os.version: '10.0', java.version: '1.8.0_341'
Driver info: driver.version: unknown
	at testCases.register.EmptyEmail(register.java:202)
</failure>
    <system-err><![CDATA[Starting ChromeDriver 104.0.5112.79 (3cf3e8c8a07d104b9e1260c910efb8f383285dc5-refs/branch-heads/5112@{#1307}) on port 26959
Only local connections are allowed.
Please see https://chromedriver.chromium.org/security-considerations for suggestions on keeping ChromeDriver safe.
ChromeDriver was started successfully.
Sep 06, 2022 11:24:37 AM org.openqa.selenium.remote.ProtocolHandshake createSession
INFO: Detected dialect: W3C
]]></system-err>
  </testcase>
  <testcase name="TakenEmail" classname="testCases.register" time="22.362"/>
  <testcase name="InvalidEmail" classname="testCases.register" time="2.834"/>
  <testcase name="Emptypassword" classname="testCases.register" time="2.508"/>
  <testcase name="Invalidpassword" classname="testCases.register" time="3.23"/>
  <testcase name="signUpWithFacbook" classname="testCases.register" time="4.662"/>
  <testcase name="signUpWithLinkedin" classname="testCases.register" time="5.504"/>
  <testcase name="signUpWithGmail" classname="testCases.register" time="5.515"/>
</testsuite>